{"name":"vacantLandPremiumVerfification","status":"broken","statusDetails":{"known":false,"muted":false,"flaky":false,"message":"no such element: Unable to locate element: {\"method\":\"xpath\",\"selector\":\"//div[@class='v-window-item v-window-item--active']//div[contains(text(),'No')]\"}\n  (Session info: chrome=83.0.4103.97)\n  (Driver info: chromedriver=2.40.565498 (ea082db3280dd6843ebfb08a625e3eb905c4f5ab),platform=Windows NT 10.0.18362 x86_64) (WARNING: The server did not provide any stacktrace information)\nCommand duration or timeout: 0 milliseconds\nFor documentation on this error, please visit: https://www.seleniumhq.org/exceptions/no_such_element.html\nBuild info: version: '3.141.59', revision: 'e82be7d358', time: '2018-11-14T08:17:03'\nSystem info: host: 'SHUBHAM-VERMA', ip: '192.168.43.39', os.name: 'Windows 10', os.arch: 'amd64', os.version: '10.0', java.version: '1.8.0_241'\nDriver info: org.openqa.selenium.chrome.ChromeDriver\nCapabilities {acceptInsecureCerts: false, acceptSslCerts: false, applicationCacheEnabled: false, browserConnectionEnabled: false, browserName: chrome, chrome: {chromedriverVersion: 2.40.565498 (ea082db3280dd6..., userDataDir: C:\\Users\\Shubham\\AppData\\Lo...}, cssSelectorsEnabled: true, databaseEnabled: false, handlesAlerts: true, hasTouchScreen: false, javascriptEnabled: true, locationContextEnabled: true, mobileEmulationEnabled: false, nativeEvents: true, networkConnectionEnabled: false, pageLoadStrategy: normal, platform: XP, platformName: XP, rotatable: false, setWindowRect: true, takesHeapSnapshot: true, takesScreenshot: true, unexpectedAlertBehaviour: , unhandledPromptBehavior: , version: 83.0.4103.97, webStorageEnabled: true}\nSession ID: 8166753a55bb97ec929c4f97835d64e0\n*** Element info: {Using=xpath, value=//div[@class='v-window-item v-window-item--active']//div[contains(text(),'No')]}","trace":"org.openqa.selenium.NoSuchElementException: no such element: Unable to locate element: {\"method\":\"xpath\",\"selector\":\"//div[@class='v-window-item v-window-item--active']//div[contains(text(),'No')]\"}\n  (Session info: chrome=83.0.4103.97)\n  (Driver info: chromedriver=2.40.565498 (ea082db3280dd6843ebfb08a625e3eb905c4f5ab),platform=Windows NT 10.0.18362 x86_64) (WARNING: The server did not provide any stacktrace information)\nCommand duration or timeout: 0 milliseconds\nFor documentation on this error, please visit: https://www.seleniumhq.org/exceptions/no_such_element.html\nBuild info: version: '3.141.59', revision: 'e82be7d358', time: '2018-11-14T08:17:03'\nSystem info: host: 'SHUBHAM-VERMA', ip: '192.168.43.39', os.name: 'Windows 10', os.arch: 'amd64', os.version: '10.0', java.version: '1.8.0_241'\nDriver info: org.openqa.selenium.chrome.ChromeDriver\nCapabilities {acceptInsecureCerts: false, acceptSslCerts: false, applicationCacheEnabled: false, browserConnectionEnabled: false, browserName: chrome, chrome: {chromedriverVersion: 2.40.565498 (ea082db3280dd6..., userDataDir: C:\\Users\\Shubham\\AppData\\Lo...}, cssSelectorsEnabled: true, databaseEnabled: false, handlesAlerts: true, hasTouchScreen: false, javascriptEnabled: true, locationContextEnabled: true, mobileEmulationEnabled: false, nativeEvents: true, networkConnectionEnabled: false, pageLoadStrategy: normal, platform: XP, platformName: XP, rotatable: false, setWindowRect: true, takesHeapSnapshot: true, takesScreenshot: true, unexpectedAlertBehaviour: , unhandledPromptBehavior: , version: 83.0.4103.97, webStorageEnabled: true}\nSession ID: 8166753a55bb97ec929c4f97835d64e0\n*** Element info: {Using=xpath, value=//div[@class='v-window-item v-window-item--active']//div[contains(text(),'No')]}\r\n\tat sun.reflect.GeneratedConstructorAccessor37.newInstance(Unknown Source)\r\n\tat sun.reflect.DelegatingConstructorAccessorImpl.newInstance(Unknown Source)\r\n\tat java.lang.reflect.Constructor.newInstance(Unknown Source)\r\n\tat org.openqa.selenium.remote.ErrorHandler.createThrowable(ErrorHandler.java:214)\r\n\tat org.openqa.selenium.remote.ErrorHandler.throwIfResponseFailed(ErrorHandler.java:166)\r\n\tat org.openqa.selenium.remote.http.JsonHttpResponseCodec.reconstructValue(JsonHttpResponseCodec.java:40)\r\n\tat org.openqa.selenium.remote.http.AbstractHttpResponseCodec.decode(AbstractHttpResponseCodec.java:80)\r\n\tat org.openqa.selenium.remote.http.AbstractHttpResponseCodec.decode(AbstractHttpResponseCodec.java:44)\r\n\tat org.openqa.selenium.remote.HttpCommandExecutor.execute(HttpCommandExecutor.java:158)\r\n\tat org.openqa.selenium.remote.service.DriverCommandExecutor.execute(DriverCommandExecutor.java:83)\r\n\tat org.openqa.selenium.remote.RemoteWebDriver.execute(RemoteWebDriver.java:552)\r\n\tat org.openqa.selenium.remote.RemoteWebDriver.findElement(RemoteWebDriver.java:323)\r\n\tat org.openqa.selenium.remote.RemoteWebDriver.findElementByXPath(RemoteWebDriver.java:428)\r\n\tat org.openqa.selenium.By$ByXPath.findElement(By.java:353)\r\n\tat org.openqa.selenium.remote.RemoteWebDriver.findElement(RemoteWebDriver.java:315)\r\n\tat org.openqa.selenium.support.pagefactory.DefaultElementLocator.findElement(DefaultElementLocator.java:69)\r\n\tat org.openqa.selenium.support.pagefactory.internal.LocatingElementHandler.invoke(LocatingElementHandler.java:38)\r\n\tat com.sun.proxy.$Proxy13.click(Unknown Source)\r\n\tat com.testbroker.pageobject.BuildingCoverPage.insuranceOption(BuildingCoverPage.java:160)\r\n\tat com.testbroker.scripts.VacantLandTest.vacantLandPremiumVerfification(VacantLandTest.java:87)\r\n\tat sun.reflect.NativeMethodAccessorImpl.invoke0(Native Method)\r\n\tat sun.reflect.NativeMethodAccessorImpl.invoke(Unknown Source)\r\n\tat sun.reflect.DelegatingMethodAccessorImpl.invoke(Unknown Source)\r\n\tat java.lang.reflect.Method.invoke(Unknown Source)\r\n\tat org.testng.internal.MethodInvocationHelper.invokeMethod(MethodInvocationHelper.java:135)\r\n\tat org.testng.internal.TestInvoker.invokeMethod(TestInvoker.java:598)\r\n\tat org.testng.internal.TestInvoker.invokeTestMethod(TestInvoker.java:174)\r\n\tat org.testng.internal.MethodRunner.runInSequence(MethodRunner.java:46)\r\n\tat org.testng.internal.TestInvoker$MethodInvocationAgent.invoke(TestInvoker.java:821)\r\n\tat org.testng.internal.TestInvoker.invokeTestMethods(TestInvoker.java:147)\r\n\tat org.testng.internal.TestMethodWorker.invokeTestMethods(TestMethodWorker.java:146)\r\n\tat org.testng.internal.TestMethodWorker.run(TestMethodWorker.java:128)\r\n\tat java.util.concurrent.ThreadPoolExecutor.runWorker(Unknown Source)\r\n\tat java.util.concurrent.ThreadPoolExecutor$Worker.run(Unknown Source)\r\n\tat java.lang.Thread.run(Unknown Source)\r\n"},"stage":"finished","description":"Test Case Description: To verify when user is able to login with correct username and passowrd","steps":[{"name":"User has clicked on Proceed to Dashboard button....","status":"passed","stage":"finished","steps":[],"attachments":[],"parameters":[],"start":1591768488500,"stop":1591768488752},{"name":"User has enter the username: testuser2@aegislondon.co.uk successfully....","status":"passed","stage":"finished","steps":[],"attachments":[],"parameters":[{"name":"username","value":"testuser2@aegislondon.co.uk"}],"start":1591768488807,"stop":1591768591361},{"name":"User has enter the password: q961Vj7?8Bwg successfully....","status":"passed","stage":"finished","steps":[],"attachments":[],"parameters":[{"name":"password","value":"q961Vj7?8Bwg"}],"start":1591768591407,"stop":1591768596544},{"name":"User has clicked on login button....","status":"passed","stage":"finished","steps":[],"attachments":[],"parameters":[],"start":1591768596544,"stop":1591768601612},{"name":"User has clicked on authorize button to land on login screen step....","status":"passed","stage":"finished","steps":[],"attachments":[],"parameters":[],"start":1591768601612,"stop":1591768611671},{"name":"User has clicked on Get A Quotes....","status":"passed","stage":"finished","steps":[],"attachments":[],"parameters":[],"start":1591768611713,"stop":1591768622699},{"name":"User has clicked on vacant building icon....","status":"passed","stage":"finished","steps":[],"attachments":[],"parameters":[],"start":1591768622700,"stop":1591768624101},{"name":"User has clicked on vacant land icon....","status":"passed","stage":"finished","steps":[],"attachments":[],"parameters":[],"start":1591768624102,"stop":1591768631505},{"name":"User has clicked on next button....","status":"passed","stage":"finished","steps":[],"attachments":[],"parameters":[],"start":1591768631541,"stop":1591768631713},{"name":"User has clicked on inception date field....","status":"passed","stage":"finished","steps":[],"attachments":[],"parameters":[],"start":1591768631713,"stop":1591768632364},{"name":"User has select the current date from the calendar....","status":"passed","stage":"finished","steps":[],"attachments":[],"parameters":[],"start":1591768632364,"stop":1591768632525},{"name":"User has clicked on next button....","status":"passed","stage":"finished","steps":[],"attachments":[],"parameters":[],"start":1591768632525,"stop":1591768632677},{"name":"User has clicked on Yes button....","status":"passed","stage":"finished","steps":[],"attachments":[],"parameters":[],"start":1591768632678,"stop":1591768632896},{"name":"User has enter the Target Price Field :10000....","status":"passed","stage":"finished","steps":[],"attachments":[],"parameters":[{"name":"value","value":"10000"}],"start":1591768632984,"stop":1591768641215},{"name":"User has clicked on next button....","status":"passed","stage":"finished","steps":[],"attachments":[],"parameters":[],"start":1591768641215,"stop":1591768641419},{"name":"User has enter the Full Name : Henry Smith....","status":"passed","stage":"finished","steps":[],"attachments":[],"parameters":[{"name":"fullname","value":"Henry Smith"}],"start":1591768641482,"stop":1591768657700},{"name":"User has enter the mailing address....","status":"passed","stage":"finished","steps":[],"attachments":[],"parameters":[{"name":"address","value":"Canada Way"}],"start":1591768657728,"stop":1591768671990},{"name":"User has selected the checked for manually entering the address....","status":"passed","stage":"finished","steps":[],"attachments":[],"parameters":[],"start":1591768671992,"stop":1591768678160},{"name":"User has enter the street Number :567....","status":"passed","stage":"finished","steps":[],"attachments":[],"parameters":[{"name":"street","value":"567"}],"start":1591768678200,"stop":1591768684334},{"name":"User has enter the Zip Code :V5G....","status":"passed","stage":"finished","steps":[],"attachments":[],"parameters":[{"name":"zip","value":"V5G"}],"start":1591768684361,"stop":1591768690488},{"name":"User has clicked on next button....","status":"passed","stage":"finished","steps":[],"attachments":[],"parameters":[],"start":1591768690488,"stop":1591768690760},{"name":"User has selected the checked for manually entering the address....","status":"passed","stage":"finished","steps":[],"attachments":[],"parameters":[],"start":1591768690843,"stop":1591768696969},{"name":"User clicks on Use entered mailing address checkbox....","status":"passed","stage":"finished","steps":[],"attachments":[],"parameters":[],"start":1591768696969,"stop":1591768697118},{"name":"User has enter the street Number :567....","status":"passed","stage":"finished","steps":[],"attachments":[],"parameters":[{"name":"street","value":"567"}],"start":1591768697151,"stop":1591768703318},{"name":"User has enter the Zip Code :V5G....","status":"passed","stage":"finished","steps":[],"attachments":[],"parameters":[{"name":"zip","value":"V5G"}],"start":1591768703343,"stop":1591768709492},{"name":"User selects No for insurance cancelled previously","status":"broken","statusDetails":{"known":false,"muted":false,"flaky":false,"message":"no such element: Unable to locate element: {\"method\":\"xpath\",\"selector\":\"//div[@class='v-window-item v-window-item--active']//div[contains(text(),'No')]\"}\n  (Session info: chrome=83.0.4103.97)\n  (Driver info: chromedriver=2.40.565498 (ea082db3280dd6843ebfb08a625e3eb905c4f5ab),platform=Windows NT 10.0.18362 x86_64) (WARNING: The server did not provide any stacktrace information)\nCommand duration or timeout: 0 milliseconds\nFor documentation on this error, please visit: https://www.seleniumhq.org/exceptions/no_such_element.html\nBuild info: version: '3.141.59', revision: 'e82be7d358', time: '2018-11-14T08:17:03'\nSystem info: host: 'SHUBHAM-VERMA', ip: '192.168.43.39', os.name: 'Windows 10', os.arch: 'amd64', os.version: '10.0', java.version: '1.8.0_241'\nDriver info: org.openqa.selenium.chrome.ChromeDriver\nCapabilities {acceptInsecureCerts: false, acceptSslCerts: false, applicationCacheEnabled: false, browserConnectionEnabled: false, browserName: chrome, chrome: {chromedriverVersion: 2.40.565498 (ea082db3280dd6..., userDataDir: C:\\Users\\Shubham\\AppData\\Lo...}, cssSelectorsEnabled: true, databaseEnabled: false, handlesAlerts: true, hasTouchScreen: false, javascriptEnabled: true, locationContextEnabled: true, mobileEmulationEnabled: false, nativeEvents: true, networkConnectionEnabled: false, pageLoadStrategy: normal, platform: XP, platformName: XP, rotatable: false, setWindowRect: true, takesHeapSnapshot: true, takesScreenshot: true, unexpectedAlertBehaviour: , unhandledPromptBehavior: , version: 83.0.4103.97, webStorageEnabled: true}\nSession ID: 8166753a55bb97ec929c4f97835d64e0\n*** Element info: {Using=xpath, value=//div[@class='v-window-item v-window-item--active']//div[contains(text(),'No')]}","trace":"org.openqa.selenium.NoSuchElementException: no such element: Unable to locate element: {\"method\":\"xpath\",\"selector\":\"//div[@class='v-window-item v-window-item--active']//div[contains(text(),'No')]\"}\n  (Session info: chrome=83.0.4103.97)\n  (Driver info: chromedriver=2.40.565498 (ea082db3280dd6843ebfb08a625e3eb905c4f5ab),platform=Windows NT 10.0.18362 x86_64) (WARNING: The server did not provide any stacktrace information)\nCommand duration or timeout: 0 milliseconds\nFor documentation on this error, please visit: https://www.seleniumhq.org/exceptions/no_such_element.html\nBuild info: version: '3.141.59', revision: 'e82be7d358', time: '2018-11-14T08:17:03'\nSystem info: host: 'SHUBHAM-VERMA', ip: '192.168.43.39', os.name: 'Windows 10', os.arch: 'amd64', os.version: '10.0', java.version: '1.8.0_241'\nDriver info: org.openqa.selenium.chrome.ChromeDriver\nCapabilities {acceptInsecureCerts: false, acceptSslCerts: false, applicationCacheEnabled: false, browserConnectionEnabled: false, browserName: chrome, chrome: {chromedriverVersion: 2.40.565498 (ea082db3280dd6..., userDataDir: C:\\Users\\Shubham\\AppData\\Lo...}, cssSelectorsEnabled: true, databaseEnabled: false, handlesAlerts: true, hasTouchScreen: false, javascriptEnabled: true, locationContextEnabled: true, mobileEmulationEnabled: false, nativeEvents: true, networkConnectionEnabled: false, pageLoadStrategy: normal, platform: XP, platformName: XP, rotatable: false, setWindowRect: true, takesHeapSnapshot: true, takesScreenshot: true, unexpectedAlertBehaviour: , unhandledPromptBehavior: , version: 83.0.4103.97, webStorageEnabled: true}\nSession ID: 8166753a55bb97ec929c4f97835d64e0\n*** Element info: {Using=xpath, value=//div[@class='v-window-item v-window-item--active']//div[contains(text(),'No')]}\r\n\tat sun.reflect.GeneratedConstructorAccessor37.newInstance(Unknown Source)\r\n\tat sun.reflect.DelegatingConstructorAccessorImpl.newInstance(Unknown Source)\r\n\tat java.lang.reflect.Constructor.newInstance(Unknown Source)\r\n\tat org.openqa.selenium.remote.ErrorHandler.createThrowable(ErrorHandler.java:214)\r\n\tat org.openqa.selenium.remote.ErrorHandler.throwIfResponseFailed(ErrorHandler.java:166)\r\n\tat org.openqa.selenium.remote.http.JsonHttpResponseCodec.reconstructValue(JsonHttpResponseCodec.java:40)\r\n\tat org.openqa.selenium.remote.http.AbstractHttpResponseCodec.decode(AbstractHttpResponseCodec.java:80)\r\n\tat org.openqa.selenium.remote.http.AbstractHttpResponseCodec.decode(AbstractHttpResponseCodec.java:44)\r\n\tat org.openqa.selenium.remote.HttpCommandExecutor.execute(HttpCommandExecutor.java:158)\r\n\tat org.openqa.selenium.remote.service.DriverCommandExecutor.execute(DriverCommandExecutor.java:83)\r\n\tat org.openqa.selenium.remote.RemoteWebDriver.execute(RemoteWebDriver.java:552)\r\n\tat org.openqa.selenium.remote.RemoteWebDriver.findElement(RemoteWebDriver.java:323)\r\n\tat org.openqa.selenium.remote.RemoteWebDriver.findElementByXPath(RemoteWebDriver.java:428)\r\n\tat org.openqa.selenium.By$ByXPath.findElement(By.java:353)\r\n\tat org.openqa.selenium.remote.RemoteWebDriver.findElement(RemoteWebDriver.java:315)\r\n\tat org.openqa.selenium.support.pagefactory.DefaultElementLocator.findElement(DefaultElementLocator.java:69)\r\n\tat org.openqa.selenium.support.pagefactory.internal.LocatingElementHandler.invoke(LocatingElementHandler.java:38)\r\n\tat com.sun.proxy.$Proxy13.click(Unknown Source)\r\n\tat com.testbroker.pageobject.BuildingCoverPage.insuranceOption(BuildingCoverPage.java:160)\r\n\tat com.testbroker.scripts.VacantLandTest.vacantLandPremiumVerfification(VacantLandTest.java:87)\r\n\tat sun.reflect.NativeMethodAccessorImpl.invoke0(Native Method)\r\n\tat sun.reflect.NativeMethodAccessorImpl.invoke(Unknown Source)\r\n\tat sun.reflect.DelegatingMethodAccessorImpl.invoke(Unknown Source)\r\n\tat java.lang.reflect.Method.invoke(Unknown Source)\r\n\tat org.testng.internal.MethodInvocationHelper.invokeMethod(MethodInvocationHelper.java:135)\r\n\tat org.testng.internal.TestInvoker.invokeMethod(TestInvoker.java:598)\r\n\tat org.testng.internal.TestInvoker.invokeTestMethod(TestInvoker.java:174)\r\n\tat org.testng.internal.MethodRunner.runInSequence(MethodRunner.java:46)\r\n\tat org.testng.internal.TestInvoker$MethodInvocationAgent.invoke(TestInvoker.java:821)\r\n\tat org.testng.internal.TestInvoker.invokeTestMethods(TestInvoker.java:147)\r\n\tat org.testng.internal.TestMethodWorker.invokeTestMethods(TestMethodWorker.java:146)\r\n\tat org.testng.internal.TestMethodWorker.run(TestMethodWorker.java:128)\r\n\tat java.util.concurrent.ThreadPoolExecutor.runWorker(Unknown Source)\r\n\tat java.util.concurrent.ThreadPoolExecutor$Worker.run(Unknown Source)\r\n\tat java.lang.Thread.run(Unknown Source)\r\n"},"stage":"finished","steps":[],"attachments":[],"parameters":[],"start":1591768709493,"stop":1591768713537}],"attachments":[],"parameters":[],"start":1591768488464,"stop":1591768713548,"uuid":"9106b9bc-b87b-47f0-9307-f70474da4ea4","historyId":"a7c453ffcedd4c4c82686657d590fed","fullName":"com.testbroker.scripts.VacantLandTest.vacantLandPremiumVerfification","labels":[{"name":"package","value":"com.testbroker.scripts.VacantLandTest"},{"name":"testClass","value":"com.testbroker.scripts.VacantLandTest"},{"name":"testMethod","value":"vacantLandPremiumVerfification"},{"name":"parentSuite","value":"Suite"},{"name":"suite","value":"Test"},{"name":"subSuite","value":"com.testbroker.scripts.VacantLandTest"},{"name":"host","value":"Shubham-Verma"},{"name":"thread","value":"12564@Shubham-Verma.TestNG-test=Test-1(15)"},{"name":"framework","value":"testng"},{"name":"language","value":"java"},{"name":"story","value":"Story Name: To check login page functionality"},{"name":"severity","value":"blocker"}],"links":[]}