{"name":"vacantLandPremiumVerfification","status":"broken","statusDetails":{"known":false,"muted":false,"flaky":false,"message":"no such element: Unable to locate element: {\"method\":\"xpath\",\"selector\":\"(//div[text()='Current total gross premium']/..//preceding-sibling::div)[2]\"}\n  (Session info: chrome=83.0.4103.97)\n  (Driver info: chromedriver=2.40.565498 (ea082db3280dd6843ebfb08a625e3eb905c4f5ab),platform=Windows NT 10.0.18362 x86_64) (WARNING: The server did not provide any stacktrace information)\nCommand duration or timeout: 0 milliseconds\nFor documentation on this error, please visit: https://www.seleniumhq.org/exceptions/no_such_element.html\nBuild info: version: '3.141.59', revision: 'e82be7d358', time: '2018-11-14T08:17:03'\nSystem info: host: 'SHUBHAM-VERMA', ip: '192.168.43.39', os.name: 'Windows 10', os.arch: 'amd64', os.version: '10.0', java.version: '1.8.0_241'\nDriver info: org.openqa.selenium.chrome.ChromeDriver\nCapabilities {acceptInsecureCerts: false, acceptSslCerts: false, applicationCacheEnabled: false, browserConnectionEnabled: false, browserName: chrome, chrome: {chromedriverVersion: 2.40.565498 (ea082db3280dd6..., userDataDir: C:\\Users\\Shubham\\AppData\\Lo...}, cssSelectorsEnabled: true, databaseEnabled: false, handlesAlerts: true, hasTouchScreen: false, javascriptEnabled: true, locationContextEnabled: true, mobileEmulationEnabled: false, nativeEvents: true, networkConnectionEnabled: false, pageLoadStrategy: normal, platform: XP, platformName: XP, rotatable: false, setWindowRect: true, takesHeapSnapshot: true, takesScreenshot: true, unexpectedAlertBehaviour: , unhandledPromptBehavior: , version: 83.0.4103.97, webStorageEnabled: true}\nSession ID: 60b920f6a348e4edd61ee32e0e9200ca\n*** Element info: {Using=xpath, value=(//div[text()='Current total gross premium']/..//preceding-sibling::div)[2]}","trace":"org.openqa.selenium.NoSuchElementException: no such element: Unable to locate element: {\"method\":\"xpath\",\"selector\":\"(//div[text()='Current total gross premium']/..//preceding-sibling::div)[2]\"}\n  (Session info: chrome=83.0.4103.97)\n  (Driver info: chromedriver=2.40.565498 (ea082db3280dd6843ebfb08a625e3eb905c4f5ab),platform=Windows NT 10.0.18362 x86_64) (WARNING: The server did not provide any stacktrace information)\nCommand duration or timeout: 0 milliseconds\nFor documentation on this error, please visit: https://www.seleniumhq.org/exceptions/no_such_element.html\nBuild info: version: '3.141.59', revision: 'e82be7d358', time: '2018-11-14T08:17:03'\nSystem info: host: 'SHUBHAM-VERMA', ip: '192.168.43.39', os.name: 'Windows 10', os.arch: 'amd64', os.version: '10.0', java.version: '1.8.0_241'\nDriver info: org.openqa.selenium.chrome.ChromeDriver\nCapabilities {acceptInsecureCerts: false, acceptSslCerts: false, applicationCacheEnabled: false, browserConnectionEnabled: false, browserName: chrome, chrome: {chromedriverVersion: 2.40.565498 (ea082db3280dd6..., userDataDir: C:\\Users\\Shubham\\AppData\\Lo...}, cssSelectorsEnabled: true, databaseEnabled: false, handlesAlerts: true, hasTouchScreen: false, javascriptEnabled: true, locationContextEnabled: true, mobileEmulationEnabled: false, nativeEvents: true, networkConnectionEnabled: false, pageLoadStrategy: normal, platform: XP, platformName: XP, rotatable: false, setWindowRect: true, takesHeapSnapshot: true, takesScreenshot: true, unexpectedAlertBehaviour: , unhandledPromptBehavior: , version: 83.0.4103.97, webStorageEnabled: true}\nSession ID: 60b920f6a348e4edd61ee32e0e9200ca\n*** Element info: {Using=xpath, value=(//div[text()='Current total gross premium']/..//preceding-sibling::div)[2]}\r\n\tat sun.reflect.NativeConstructorAccessorImpl.newInstance0(Native Method)\r\n\tat sun.reflect.NativeConstructorAccessorImpl.newInstance(NativeConstructorAccessorImpl.java:62)\r\n\tat sun.reflect.DelegatingConstructorAccessorImpl.newInstance(DelegatingConstructorAccessorImpl.java:45)\r\n\tat java.lang.reflect.Constructor.newInstance(Constructor.java:423)\r\n\tat org.openqa.selenium.remote.ErrorHandler.createThrowable(ErrorHandler.java:214)\r\n\tat org.openqa.selenium.remote.ErrorHandler.throwIfResponseFailed(ErrorHandler.java:166)\r\n\tat org.openqa.selenium.remote.http.JsonHttpResponseCodec.reconstructValue(JsonHttpResponseCodec.java:40)\r\n\tat org.openqa.selenium.remote.http.AbstractHttpResponseCodec.decode(AbstractHttpResponseCodec.java:80)\r\n\tat org.openqa.selenium.remote.http.AbstractHttpResponseCodec.decode(AbstractHttpResponseCodec.java:44)\r\n\tat org.openqa.selenium.remote.HttpCommandExecutor.execute(HttpCommandExecutor.java:158)\r\n\tat org.openqa.selenium.remote.service.DriverCommandExecutor.execute(DriverCommandExecutor.java:83)\r\n\tat org.openqa.selenium.remote.RemoteWebDriver.execute(RemoteWebDriver.java:552)\r\n\tat org.openqa.selenium.remote.RemoteWebDriver.findElement(RemoteWebDriver.java:323)\r\n\tat org.openqa.selenium.remote.RemoteWebDriver.findElementByXPath(RemoteWebDriver.java:428)\r\n\tat org.openqa.selenium.By$ByXPath.findElement(By.java:353)\r\n\tat org.openqa.selenium.remote.RemoteWebDriver.findElement(RemoteWebDriver.java:315)\r\n\tat org.openqa.selenium.support.pagefactory.DefaultElementLocator.findElement(DefaultElementLocator.java:69)\r\n\tat org.openqa.selenium.support.pagefactory.internal.LocatingElementHandler.invoke(LocatingElementHandler.java:38)\r\n\tat com.sun.proxy.$Proxy11.getText(Unknown Source)\r\n\tat com.testbroker.pageobject.BuildingCoverPage.verifyGrossAmount(BuildingCoverPage.java:214)\r\n\tat com.testbroker.scripts.VacantLandTest.vacantLandPremiumVerfification(VacantLandTest.java:110)\r\n\tat sun.reflect.NativeMethodAccessorImpl.invoke0(Native Method)\r\n\tat sun.reflect.NativeMethodAccessorImpl.invoke(NativeMethodAccessorImpl.java:62)\r\n\tat sun.reflect.DelegatingMethodAccessorImpl.invoke(DelegatingMethodAccessorImpl.java:43)\r\n\tat java.lang.reflect.Method.invoke(Method.java:498)\r\n\tat org.testng.internal.MethodInvocationHelper.invokeMethod(MethodInvocationHelper.java:124)\r\n\tat org.testng.internal.Invoker.invokeMethod(Invoker.java:583)\r\n\tat org.testng.internal.Invoker.invokeTestMethod(Invoker.java:719)\r\n\tat org.testng.internal.Invoker.invokeTestMethods(Invoker.java:989)\r\n\tat org.testng.internal.TestMethodWorker.invokeTestMethods(TestMethodWorker.java:125)\r\n\tat org.testng.internal.TestMethodWorker.run(TestMethodWorker.java:109)\r\n\tat java.util.concurrent.ThreadPoolExecutor.runWorker(ThreadPoolExecutor.java:1149)\r\n\tat java.util.concurrent.ThreadPoolExecutor$Worker.run(ThreadPoolExecutor.java:624)\r\n\tat java.lang.Thread.run(Thread.java:748)\r\n"},"stage":"finished","description":"Test Case Description: To verify when user is able to login with correct username and passowrd","steps":[{"name":"User has clicked on Proceed to Dashboard button....","status":"passed","stage":"finished","steps":[],"attachments":[],"parameters":[],"start":1591785169929,"stop":1591785170232},{"name":"User has enter the username: testuser2@aegislondon.co.uk successfully....","status":"passed","stage":"finished","steps":[],"attachments":[],"parameters":[{"name":"username","value":"testuser2@aegislondon.co.uk"}],"start":1591785170299,"stop":1591785244244},{"name":"User has enter the password: q961Vj7?8Bwg successfully....","status":"passed","stage":"finished","steps":[],"attachments":[],"parameters":[{"name":"password","value":"q961Vj7?8Bwg"}],"start":1591785244280,"stop":1591785246448},{"name":"User has clicked on login button....","status":"passed","stage":"finished","steps":[],"attachments":[],"parameters":[],"start":1591785246449,"stop":1591785250545},{"name":"User has clicked on authorize button to land on login screen step....","status":"passed","stage":"finished","steps":[],"attachments":[],"parameters":[],"start":1591785250546,"stop":1591785258628},{"name":"User has clicked on Get A Quotes....","status":"passed","stage":"finished","steps":[],"attachments":[],"parameters":[],"start":1591785258645,"stop":1591785273489},{"name":"User has clicked on vacant building icon....","status":"passed","stage":"finished","steps":[],"attachments":[],"parameters":[],"start":1591785273489,"stop":1591785274777},{"name":"User has clicked on vacant land icon....","status":"passed","stage":"finished","steps":[],"attachments":[],"parameters":[],"start":1591785274778,"stop":1591785279211},{"name":"User has clicked on next button....","status":"passed","stage":"finished","steps":[],"attachments":[],"parameters":[],"start":1591785279262,"stop":1591785279569},{"name":"User has clicked on inception date field....","status":"passed","stage":"finished","steps":[],"attachments":[],"parameters":[],"start":1591785279570,"stop":1591785280254},{"name":"User has select the current date from the calendar....","status":"passed","stage":"finished","steps":[],"attachments":[],"parameters":[],"start":1591785280255,"stop":1591785280413},{"name":"User has clicked on next button....","status":"passed","stage":"finished","steps":[],"attachments":[],"parameters":[],"start":1591785280414,"stop":1591785280572},{"name":"User has clicked on Yes button....","status":"passed","stage":"finished","steps":[],"attachments":[],"parameters":[],"start":1591785280575,"stop":1591785280829},{"name":"User has enter the Target Price Field :10000....","status":"passed","stage":"finished","steps":[],"attachments":[],"parameters":[{"name":"value","value":"10000"}],"start":1591785280938,"stop":1591785285227},{"name":"User has clicked on next button....","status":"passed","stage":"finished","steps":[],"attachments":[],"parameters":[],"start":1591785285227,"stop":1591785285443},{"name":"User has enter the Full Name : Henry Smith....","status":"passed","stage":"finished","steps":[],"attachments":[],"parameters":[{"name":"fullname","value":"Henry Smith"}],"start":1591785285496,"stop":1591785297774},{"name":"User has enter the mailing address....","status":"passed","stage":"finished","steps":[],"attachments":[],"parameters":[{"name":"address","value":"Canada Way"}],"start":1591785297814,"stop":1591785308092},{"name":"User has selected the checked for manually entering the address....","status":"passed","stage":"finished","steps":[],"attachments":[],"parameters":[],"start":1591785308092,"stop":1591785314257},{"name":"User has enter the street Number :567....","status":"passed","stage":"finished","steps":[],"attachments":[],"parameters":[{"name":"street","value":"567"}],"start":1591785314286,"stop":1591785318419},{"name":"User has enter the Zip Code :V5G....","status":"passed","stage":"finished","steps":[],"attachments":[],"parameters":[{"name":"zip","value":"V5G"}],"start":1591785318439,"stop":1591785322576},{"name":"User has clicked on next button....","status":"passed","stage":"finished","steps":[],"attachments":[],"parameters":[],"start":1591785322577,"stop":1591785322845},{"name":"User has selected the checked for manually entering the address....","status":"passed","stage":"finished","steps":[],"attachments":[],"parameters":[],"start":1591785322904,"stop":1591785327018},{"name":"User clicks on Use entered mailing address checkbox....","status":"passed","stage":"finished","steps":[],"attachments":[],"parameters":[],"start":1591785327019,"stop":1591785327142},{"name":"User has enter the street Number :567....","status":"passed","stage":"finished","steps":[],"attachments":[],"parameters":[{"name":"street","value":"567"}],"start":1591785327169,"stop":1591785331300},{"name":"User has enter the Zip Code :V5G....","status":"passed","stage":"finished","steps":[],"attachments":[],"parameters":[{"name":"zip","value":"V5G"}],"start":1591785331331,"stop":1591785335455},{"name":"User has clicked on next button....","status":"passed","stage":"finished","steps":[],"attachments":[],"parameters":[],"start":1591785335455,"stop":1591785335634},{"name":"User selects No for insurance cancelled previously","status":"passed","stage":"finished","steps":[],"attachments":[],"parameters":[],"start":1591785335634,"stop":1591785337701},{"name":"User has clicked on next button....","status":"passed","stage":"finished","steps":[],"attachments":[],"parameters":[],"start":1591785337701,"stop":1591785337836},{"name":"User has clicked on small land cover....","status":"passed","stage":"finished","steps":[],"attachments":[],"parameters":[],"start":1591785337837,"stop":1591785338068},{"name":"User has clicked on land fence....","status":"passed","stage":"finished","steps":[],"attachments":[],"parameters":[],"start":1591785338068,"stop":1591785338395},{"name":"User has clicked on small attractive....","status":"passed","stage":"finished","steps":[],"attachments":[],"parameters":[],"start":1591785338395,"stop":1591785338550},{"name":"User has clicked on next button....","status":"passed","stage":"finished","steps":[],"attachments":[],"parameters":[],"start":1591785338550,"stop":1591785338717},{"name":"Scroll down....","status":"passed","stage":"finished","steps":[],"attachments":[],"parameters":[],"start":1591785338718,"stop":1591785338733},{"name":"User selects 0 for GL claims","status":"passed","stage":"finished","steps":[],"attachments":[],"parameters":[],"start":1591785338734,"stop":1591785340841},{"name":"User selects amount 1000,000$ for General Liability limit","status":"passed","stage":"finished","steps":[],"attachments":[],"parameters":[],"start":1591785340842,"stop":1591785342937},{"name":"User selects amount 1000$ for General Liability deductible","status":"passed","stage":"finished","steps":[],"attachments":[],"parameters":[],"start":1591785342964,"stop":1591785345037},{"name":"User clicks on Get Quote button... ","status":"passed","stage":"finished","steps":[],"attachments":[],"parameters":[],"start":1591785345038,"stop":1591785347166},{"name":"User clicks on checkbox to confirm","status":"passed","stage":"finished","steps":[],"attachments":[],"parameters":[],"start":1591785347166,"stop":1591785349261},{"name":"User clicks to proceed button","status":"passed","stage":"finished","steps":[],"attachments":[],"parameters":[],"start":1591785349262,"stop":1591785351389},{"name":"User verifies Gross Amount generated","status":"broken","statusDetails":{"known":false,"muted":false,"flaky":false,"message":"no such element: Unable to locate element: {\"method\":\"xpath\",\"selector\":\"(//div[text()='Current total gross premium']/..//preceding-sibling::div)[2]\"}\n  (Session info: chrome=83.0.4103.97)\n  (Driver info: chromedriver=2.40.565498 (ea082db3280dd6843ebfb08a625e3eb905c4f5ab),platform=Windows NT 10.0.18362 x86_64) (WARNING: The server did not provide any stacktrace information)\nCommand duration or timeout: 0 milliseconds\nFor documentation on this error, please visit: https://www.seleniumhq.org/exceptions/no_such_element.html\nBuild info: version: '3.141.59', revision: 'e82be7d358', time: '2018-11-14T08:17:03'\nSystem info: host: 'SHUBHAM-VERMA', ip: '192.168.43.39', os.name: 'Windows 10', os.arch: 'amd64', os.version: '10.0', java.version: '1.8.0_241'\nDriver info: org.openqa.selenium.chrome.ChromeDriver\nCapabilities {acceptInsecureCerts: false, acceptSslCerts: false, applicationCacheEnabled: false, browserConnectionEnabled: false, browserName: chrome, chrome: {chromedriverVersion: 2.40.565498 (ea082db3280dd6..., userDataDir: C:\\Users\\Shubham\\AppData\\Lo...}, cssSelectorsEnabled: true, databaseEnabled: false, handlesAlerts: true, hasTouchScreen: false, javascriptEnabled: true, locationContextEnabled: true, mobileEmulationEnabled: false, nativeEvents: true, networkConnectionEnabled: false, pageLoadStrategy: normal, platform: XP, platformName: XP, rotatable: false, setWindowRect: true, takesHeapSnapshot: true, takesScreenshot: true, unexpectedAlertBehaviour: , unhandledPromptBehavior: , version: 83.0.4103.97, webStorageEnabled: true}\nSession ID: 60b920f6a348e4edd61ee32e0e9200ca\n*** Element info: {Using=xpath, value=(//div[text()='Current total gross premium']/..//preceding-sibling::div)[2]}","trace":"org.openqa.selenium.NoSuchElementException: no such element: Unable to locate element: {\"method\":\"xpath\",\"selector\":\"(//div[text()='Current total gross premium']/..//preceding-sibling::div)[2]\"}\n  (Session info: chrome=83.0.4103.97)\n  (Driver info: chromedriver=2.40.565498 (ea082db3280dd6843ebfb08a625e3eb905c4f5ab),platform=Windows NT 10.0.18362 x86_64) (WARNING: The server did not provide any stacktrace information)\nCommand duration or timeout: 0 milliseconds\nFor documentation on this error, please visit: https://www.seleniumhq.org/exceptions/no_such_element.html\nBuild info: version: '3.141.59', revision: 'e82be7d358', time: '2018-11-14T08:17:03'\nSystem info: host: 'SHUBHAM-VERMA', ip: '192.168.43.39', os.name: 'Windows 10', os.arch: 'amd64', os.version: '10.0', java.version: '1.8.0_241'\nDriver info: org.openqa.selenium.chrome.ChromeDriver\nCapabilities {acceptInsecureCerts: false, acceptSslCerts: false, applicationCacheEnabled: false, browserConnectionEnabled: false, browserName: chrome, chrome: {chromedriverVersion: 2.40.565498 (ea082db3280dd6..., userDataDir: C:\\Users\\Shubham\\AppData\\Lo...}, cssSelectorsEnabled: true, databaseEnabled: false, handlesAlerts: true, hasTouchScreen: false, javascriptEnabled: true, locationContextEnabled: true, mobileEmulationEnabled: false, nativeEvents: true, networkConnectionEnabled: false, pageLoadStrategy: normal, platform: XP, platformName: XP, rotatable: false, setWindowRect: true, takesHeapSnapshot: true, takesScreenshot: true, unexpectedAlertBehaviour: , unhandledPromptBehavior: , version: 83.0.4103.97, webStorageEnabled: true}\nSession ID: 60b920f6a348e4edd61ee32e0e9200ca\n*** Element info: {Using=xpath, value=(//div[text()='Current total gross premium']/..//preceding-sibling::div)[2]}\r\n\tat sun.reflect.NativeConstructorAccessorImpl.newInstance0(Native Method)\r\n\tat sun.reflect.NativeConstructorAccessorImpl.newInstance(NativeConstructorAccessorImpl.java:62)\r\n\tat sun.reflect.DelegatingConstructorAccessorImpl.newInstance(DelegatingConstructorAccessorImpl.java:45)\r\n\tat java.lang.reflect.Constructor.newInstance(Constructor.java:423)\r\n\tat org.openqa.selenium.remote.ErrorHandler.createThrowable(ErrorHandler.java:214)\r\n\tat org.openqa.selenium.remote.ErrorHandler.throwIfResponseFailed(ErrorHandler.java:166)\r\n\tat org.openqa.selenium.remote.http.JsonHttpResponseCodec.reconstructValue(JsonHttpResponseCodec.java:40)\r\n\tat org.openqa.selenium.remote.http.AbstractHttpResponseCodec.decode(AbstractHttpResponseCodec.java:80)\r\n\tat org.openqa.selenium.remote.http.AbstractHttpResponseCodec.decode(AbstractHttpResponseCodec.java:44)\r\n\tat org.openqa.selenium.remote.HttpCommandExecutor.execute(HttpCommandExecutor.java:158)\r\n\tat org.openqa.selenium.remote.service.DriverCommandExecutor.execute(DriverCommandExecutor.java:83)\r\n\tat org.openqa.selenium.remote.RemoteWebDriver.execute(RemoteWebDriver.java:552)\r\n\tat org.openqa.selenium.remote.RemoteWebDriver.findElement(RemoteWebDriver.java:323)\r\n\tat org.openqa.selenium.remote.RemoteWebDriver.findElementByXPath(RemoteWebDriver.java:428)\r\n\tat org.openqa.selenium.By$ByXPath.findElement(By.java:353)\r\n\tat org.openqa.selenium.remote.RemoteWebDriver.findElement(RemoteWebDriver.java:315)\r\n\tat org.openqa.selenium.support.pagefactory.DefaultElementLocator.findElement(DefaultElementLocator.java:69)\r\n\tat org.openqa.selenium.support.pagefactory.internal.LocatingElementHandler.invoke(LocatingElementHandler.java:38)\r\n\tat com.sun.proxy.$Proxy11.getText(Unknown Source)\r\n\tat com.testbroker.pageobject.BuildingCoverPage.verifyGrossAmount(BuildingCoverPage.java:214)\r\n\tat com.testbroker.scripts.VacantLandTest.vacantLandPremiumVerfification(VacantLandTest.java:110)\r\n\tat sun.reflect.NativeMethodAccessorImpl.invoke0(Native Method)\r\n\tat sun.reflect.NativeMethodAccessorImpl.invoke(NativeMethodAccessorImpl.java:62)\r\n\tat sun.reflect.DelegatingMethodAccessorImpl.invoke(DelegatingMethodAccessorImpl.java:43)\r\n\tat java.lang.reflect.Method.invoke(Method.java:498)\r\n\tat org.testng.internal.MethodInvocationHelper.invokeMethod(MethodInvocationHelper.java:124)\r\n\tat org.testng.internal.Invoker.invokeMethod(Invoker.java:583)\r\n\tat org.testng.internal.Invoker.invokeTestMethod(Invoker.java:719)\r\n\tat org.testng.internal.Invoker.invokeTestMethods(Invoker.java:989)\r\n\tat org.testng.internal.TestMethodWorker.invokeTestMethods(TestMethodWorker.java:125)\r\n\tat org.testng.internal.TestMethodWorker.run(TestMethodWorker.java:109)\r\n\tat java.util.concurrent.ThreadPoolExecutor.runWorker(ThreadPoolExecutor.java:1149)\r\n\tat java.util.concurrent.ThreadPoolExecutor$Worker.run(ThreadPoolExecutor.java:624)\r\n\tat java.lang.Thread.run(Thread.java:748)\r\n"},"stage":"finished","steps":[],"attachments":[],"parameters":[],"start":1591785351390,"stop":1591785367472}],"attachments":[],"parameters":[],"start":1591785169866,"stop":1591785367639,"uuid":"be93f60f-230a-459b-ac8b-b70768ef57a7","historyId":"a7c453ffcedd4c4c82686657d590fed","fullName":"com.testbroker.scripts.VacantLandTest.vacantLandPremiumVerfification","labels":[{"name":"package","value":"com.testbroker.scripts.VacantLandTest"},{"name":"testClass","value":"com.testbroker.scripts.VacantLandTest"},{"name":"testMethod","value":"vacantLandPremiumVerfification"},{"name":"parentSuite","value":"Suite"},{"name":"suite","value":"Test"},{"name":"subSuite","value":"com.testbroker.scripts.VacantLandTest"},{"name":"host","value":"Shubham-Verma"},{"name":"thread","value":"14912@Shubham-Verma.TestNG-test=Test-1(16)"},{"name":"framework","value":"testng"},{"name":"language","value":"java"},{"name":"story","value":"Story Name: To check login page functionality"},{"name":"severity","value":"blocker"}],"links":[]}