{"name":"vacantLandPremiumVerfification","status":"broken","statusDetails":{"known":false,"muted":false,"flaky":false,"message":"no such element: Unable to locate element: {\"method\":\"xpath\",\"selector\":\"(//div[text()='Current total gross premium']/..//preceding-sibling::div)[2]\"}\n  (Session info: chrome=83.0.4103.97)\n  (Driver info: chromedriver=2.40.565498 (ea082db3280dd6843ebfb08a625e3eb905c4f5ab),platform=Windows NT 10.0.18362 x86_64) (WARNING: The server did not provide any stacktrace information)\nCommand duration or timeout: 0 milliseconds\nFor documentation on this error, please visit: https://www.seleniumhq.org/exceptions/no_such_element.html\nBuild info: version: '3.141.59', revision: 'e82be7d358', time: '2018-11-14T08:17:03'\nSystem info: host: 'SHUBHAM-VERMA', ip: '192.168.43.39', os.name: 'Windows 10', os.arch: 'amd64', os.version: '10.0', java.version: '1.8.0_241'\nDriver info: org.openqa.selenium.chrome.ChromeDriver\nCapabilities {acceptInsecureCerts: false, acceptSslCerts: false, applicationCacheEnabled: false, browserConnectionEnabled: false, browserName: chrome, chrome: {chromedriverVersion: 2.40.565498 (ea082db3280dd6..., userDataDir: C:\\Users\\Shubham\\AppData\\Lo...}, cssSelectorsEnabled: true, databaseEnabled: false, handlesAlerts: true, hasTouchScreen: false, javascriptEnabled: true, locationContextEnabled: true, mobileEmulationEnabled: false, nativeEvents: true, networkConnectionEnabled: false, pageLoadStrategy: normal, platform: XP, platformName: XP, rotatable: false, setWindowRect: true, takesHeapSnapshot: true, takesScreenshot: true, unexpectedAlertBehaviour: , unhandledPromptBehavior: , version: 83.0.4103.97, webStorageEnabled: true}\nSession ID: ec74ba3f161b24f677b2be3741eaefc0\n*** Element info: {Using=xpath, value=(//div[text()='Current total gross premium']/..//preceding-sibling::div)[2]}","trace":"org.openqa.selenium.NoSuchElementException: no such element: Unable to locate element: {\"method\":\"xpath\",\"selector\":\"(//div[text()='Current total gross premium']/..//preceding-sibling::div)[2]\"}\n  (Session info: chrome=83.0.4103.97)\n  (Driver info: chromedriver=2.40.565498 (ea082db3280dd6843ebfb08a625e3eb905c4f5ab),platform=Windows NT 10.0.18362 x86_64) (WARNING: The server did not provide any stacktrace information)\nCommand duration or timeout: 0 milliseconds\nFor documentation on this error, please visit: https://www.seleniumhq.org/exceptions/no_such_element.html\nBuild info: version: '3.141.59', revision: 'e82be7d358', time: '2018-11-14T08:17:03'\nSystem info: host: 'SHUBHAM-VERMA', ip: '192.168.43.39', os.name: 'Windows 10', os.arch: 'amd64', os.version: '10.0', java.version: '1.8.0_241'\nDriver info: org.openqa.selenium.chrome.ChromeDriver\nCapabilities {acceptInsecureCerts: false, acceptSslCerts: false, applicationCacheEnabled: false, browserConnectionEnabled: false, browserName: chrome, chrome: {chromedriverVersion: 2.40.565498 (ea082db3280dd6..., userDataDir: C:\\Users\\Shubham\\AppData\\Lo...}, cssSelectorsEnabled: true, databaseEnabled: false, handlesAlerts: true, hasTouchScreen: false, javascriptEnabled: true, locationContextEnabled: true, mobileEmulationEnabled: false, nativeEvents: true, networkConnectionEnabled: false, pageLoadStrategy: normal, platform: XP, platformName: XP, rotatable: false, setWindowRect: true, takesHeapSnapshot: true, takesScreenshot: true, unexpectedAlertBehaviour: , unhandledPromptBehavior: , version: 83.0.4103.97, webStorageEnabled: true}\nSession ID: ec74ba3f161b24f677b2be3741eaefc0\n*** Element info: {Using=xpath, value=(//div[text()='Current total gross premium']/..//preceding-sibling::div)[2]}\r\n\tat sun.reflect.GeneratedConstructorAccessor37.newInstance(Unknown Source)\r\n\tat sun.reflect.DelegatingConstructorAccessorImpl.newInstance(Unknown Source)\r\n\tat java.lang.reflect.Constructor.newInstance(Unknown Source)\r\n\tat org.openqa.selenium.remote.ErrorHandler.createThrowable(ErrorHandler.java:214)\r\n\tat org.openqa.selenium.remote.ErrorHandler.throwIfResponseFailed(ErrorHandler.java:166)\r\n\tat org.openqa.selenium.remote.http.JsonHttpResponseCodec.reconstructValue(JsonHttpResponseCodec.java:40)\r\n\tat org.openqa.selenium.remote.http.AbstractHttpResponseCodec.decode(AbstractHttpResponseCodec.java:80)\r\n\tat org.openqa.selenium.remote.http.AbstractHttpResponseCodec.decode(AbstractHttpResponseCodec.java:44)\r\n\tat org.openqa.selenium.remote.HttpCommandExecutor.execute(HttpCommandExecutor.java:158)\r\n\tat org.openqa.selenium.remote.service.DriverCommandExecutor.execute(DriverCommandExecutor.java:83)\r\n\tat org.openqa.selenium.remote.RemoteWebDriver.execute(RemoteWebDriver.java:552)\r\n\tat org.openqa.selenium.remote.RemoteWebDriver.findElement(RemoteWebDriver.java:323)\r\n\tat org.openqa.selenium.remote.RemoteWebDriver.findElementByXPath(RemoteWebDriver.java:428)\r\n\tat org.openqa.selenium.By$ByXPath.findElement(By.java:353)\r\n\tat org.openqa.selenium.remote.RemoteWebDriver.findElement(RemoteWebDriver.java:315)\r\n\tat org.openqa.selenium.support.pagefactory.DefaultElementLocator.findElement(DefaultElementLocator.java:69)\r\n\tat org.openqa.selenium.support.pagefactory.internal.LocatingElementHandler.invoke(LocatingElementHandler.java:38)\r\n\tat com.sun.proxy.$Proxy13.getText(Unknown Source)\r\n\tat com.testbroker.pageobject.BuildingCoverPage.verifyGrossAmount(BuildingCoverPage.java:213)\r\n\tat com.testbroker.scripts.VacantLandTest.vacantLandPremiumVerfification(VacantLandTest.java:110)\r\n\tat sun.reflect.NativeMethodAccessorImpl.invoke0(Native Method)\r\n\tat sun.reflect.NativeMethodAccessorImpl.invoke(Unknown Source)\r\n\tat sun.reflect.DelegatingMethodAccessorImpl.invoke(Unknown Source)\r\n\tat java.lang.reflect.Method.invoke(Unknown Source)\r\n\tat org.testng.internal.MethodInvocationHelper.invokeMethod(MethodInvocationHelper.java:135)\r\n\tat org.testng.internal.TestInvoker.invokeMethod(TestInvoker.java:598)\r\n\tat org.testng.internal.TestInvoker.invokeTestMethod(TestInvoker.java:174)\r\n\tat org.testng.internal.MethodRunner.runInSequence(MethodRunner.java:46)\r\n\tat org.testng.internal.TestInvoker$MethodInvocationAgent.invoke(TestInvoker.java:821)\r\n\tat org.testng.internal.TestInvoker.invokeTestMethods(TestInvoker.java:147)\r\n\tat org.testng.internal.TestMethodWorker.invokeTestMethods(TestMethodWorker.java:146)\r\n\tat org.testng.internal.TestMethodWorker.run(TestMethodWorker.java:128)\r\n\tat java.util.concurrent.ThreadPoolExecutor.runWorker(Unknown Source)\r\n\tat java.util.concurrent.ThreadPoolExecutor$Worker.run(Unknown Source)\r\n\tat java.lang.Thread.run(Unknown Source)\r\n"},"stage":"finished","description":"Test Case Description: To verify when user is able to login with correct username and passowrd","steps":[{"name":"User has clicked on Proceed to Dashboard button....","status":"passed","stage":"finished","steps":[],"attachments":[],"parameters":[],"start":1591771137906,"stop":1591771138106},{"name":"User has enter the username: testuser2@aegislondon.co.uk successfully....","status":"passed","stage":"finished","steps":[],"attachments":[],"parameters":[{"name":"username","value":"testuser2@aegislondon.co.uk"}],"start":1591771138160,"stop":1591771190005},{"name":"User has enter the password: q961Vj7?8Bwg successfully....","status":"passed","stage":"finished","steps":[],"attachments":[],"parameters":[{"name":"password","value":"q961Vj7?8Bwg"}],"start":1591771190046,"stop":1591771192227},{"name":"User has clicked on login button....","status":"passed","stage":"finished","steps":[],"attachments":[],"parameters":[],"start":1591771192227,"stop":1591771196293},{"name":"User has clicked on authorize button to land on login screen step....","status":"passed","stage":"finished","steps":[],"attachments":[],"parameters":[],"start":1591771196293,"stop":1591771204374},{"name":"User has clicked on Get A Quotes....","status":"passed","stage":"finished","steps":[],"attachments":[],"parameters":[],"start":1591771204388,"stop":1591771212516},{"name":"User has clicked on vacant building icon....","status":"passed","stage":"finished","steps":[],"attachments":[],"parameters":[],"start":1591771212516,"stop":1591771213789},{"name":"User has clicked on vacant land icon....","status":"passed","stage":"finished","steps":[],"attachments":[],"parameters":[],"start":1591771213790,"stop":1591771231244},{"name":"User has clicked on next button....","status":"passed","stage":"finished","steps":[],"attachments":[],"parameters":[],"start":1591771231304,"stop":1591771231518},{"name":"User has clicked on inception date field....","status":"passed","stage":"finished","steps":[],"attachments":[],"parameters":[],"start":1591771231519,"stop":1591771231720},{"name":"User has select the current date from the calendar....","status":"passed","stage":"finished","steps":[],"attachments":[],"parameters":[],"start":1591771231720,"stop":1591771231907},{"name":"User has clicked on next button....","status":"passed","stage":"finished","steps":[],"attachments":[],"parameters":[],"start":1591771231908,"stop":1591771232066},{"name":"User has clicked on Yes button....","status":"passed","stage":"finished","steps":[],"attachments":[],"parameters":[],"start":1591771232067,"stop":1591771232232},{"name":"User has enter the Target Price Field :10000....","status":"passed","stage":"finished","steps":[],"attachments":[],"parameters":[{"name":"value","value":"10000"}],"start":1591771232288,"stop":1591771236518},{"name":"User has clicked on next button....","status":"passed","stage":"finished","steps":[],"attachments":[],"parameters":[],"start":1591771236519,"stop":1591771236710},{"name":"User has enter the Full Name : Henry Smith....","status":"passed","stage":"finished","steps":[],"attachments":[],"parameters":[{"name":"fullname","value":"Henry Smith"}],"start":1591771236752,"stop":1591771248940},{"name":"User has enter the mailing address....","status":"passed","stage":"finished","steps":[],"attachments":[],"parameters":[{"name":"address","value":"Canada Way"}],"start":1591771248969,"stop":1591771259172},{"name":"User has selected the checked for manually entering the address....","status":"passed","stage":"finished","steps":[],"attachments":[],"parameters":[],"start":1591771259173,"stop":1591771265324},{"name":"User has enter the street Number :567....","status":"passed","stage":"finished","steps":[],"attachments":[],"parameters":[{"name":"street","value":"567"}],"start":1591771265356,"stop":1591771269459},{"name":"User has enter the Zip Code :V5G....","status":"passed","stage":"finished","steps":[],"attachments":[],"parameters":[{"name":"zip","value":"V5G"}],"start":1591771269482,"stop":1591771273588},{"name":"User has clicked on next button....","status":"passed","stage":"finished","steps":[],"attachments":[],"parameters":[],"start":1591771273588,"stop":1591771273782},{"name":"User has selected the checked for manually entering the address....","status":"passed","stage":"finished","steps":[],"attachments":[],"parameters":[],"start":1591771273805,"stop":1591771277905},{"name":"User clicks on Use entered mailing address checkbox....","status":"passed","stage":"finished","steps":[],"attachments":[],"parameters":[],"start":1591771277906,"stop":1591771278016},{"name":"User has enter the street Number :567....","status":"passed","stage":"finished","steps":[],"attachments":[],"parameters":[{"name":"street","value":"567"}],"start":1591771278042,"stop":1591771282125},{"name":"User has enter the Zip Code :V5G....","status":"passed","stage":"finished","steps":[],"attachments":[],"parameters":[{"name":"zip","value":"V5G"}],"start":1591771282142,"stop":1591771286239},{"name":"User has clicked on next button....","status":"passed","stage":"finished","steps":[],"attachments":[],"parameters":[],"start":1591771286239,"stop":1591771286385},{"name":"User selects No for insurance cancelled previously","status":"passed","stage":"finished","steps":[],"attachments":[],"parameters":[],"start":1591771286386,"stop":1591771288456},{"name":"User has clicked on next button....","status":"passed","stage":"finished","steps":[],"attachments":[],"parameters":[],"start":1591771288457,"stop":1591771288575},{"name":"User has clicked on small land cover....","status":"passed","stage":"finished","steps":[],"attachments":[],"parameters":[],"start":1591771288575,"stop":1591771288695},{"name":"User has clicked on land fence....","status":"passed","stage":"finished","steps":[],"attachments":[],"parameters":[],"start":1591771288696,"stop":1591771289299},{"name":"User has clicked on small attractive....","status":"passed","stage":"finished","steps":[],"attachments":[],"parameters":[],"start":1591771289299,"stop":1591771289393},{"name":"User has clicked on next button....","status":"passed","stage":"finished","steps":[],"attachments":[],"parameters":[],"start":1591771289393,"stop":1591771289523},{"name":"Scroll down....","status":"passed","stage":"finished","steps":[],"attachments":[],"parameters":[],"start":1591771289524,"stop":1591771289539},{"name":"User selects 0 for GL claims","status":"passed","stage":"finished","steps":[],"attachments":[],"parameters":[],"start":1591771289539,"stop":1591771291606},{"name":"User selects amount 1000,000$ for General Liability limit","status":"passed","stage":"finished","steps":[],"attachments":[],"parameters":[],"start":1591771291606,"stop":1591771293675},{"name":"User selects amount 1000$ for General Liability deductible","status":"passed","stage":"finished","steps":[],"attachments":[],"parameters":[],"start":1591771293676,"stop":1591771295747},{"name":"User clicks on Get Quote button... ","status":"passed","stage":"finished","steps":[],"attachments":[],"parameters":[],"start":1591771295748,"stop":1591771297834},{"name":"User clicks on checkbox to confirm","status":"passed","stage":"finished","steps":[],"attachments":[],"parameters":[],"start":1591771297835,"stop":1591771299884},{"name":"User clicks to proceed button","status":"passed","stage":"finished","steps":[],"attachments":[],"parameters":[],"start":1591771299884,"stop":1591771301988},{"name":"User verifies Gross Amount generated","status":"broken","statusDetails":{"known":false,"muted":false,"flaky":false,"message":"no such element: Unable to locate element: {\"method\":\"xpath\",\"selector\":\"(//div[text()='Current total gross premium']/..//preceding-sibling::div)[2]\"}\n  (Session info: chrome=83.0.4103.97)\n  (Driver info: chromedriver=2.40.565498 (ea082db3280dd6843ebfb08a625e3eb905c4f5ab),platform=Windows NT 10.0.18362 x86_64) (WARNING: The server did not provide any stacktrace information)\nCommand duration or timeout: 0 milliseconds\nFor documentation on this error, please visit: https://www.seleniumhq.org/exceptions/no_such_element.html\nBuild info: version: '3.141.59', revision: 'e82be7d358', time: '2018-11-14T08:17:03'\nSystem info: host: 'SHUBHAM-VERMA', ip: '192.168.43.39', os.name: 'Windows 10', os.arch: 'amd64', os.version: '10.0', java.version: '1.8.0_241'\nDriver info: org.openqa.selenium.chrome.ChromeDriver\nCapabilities {acceptInsecureCerts: false, acceptSslCerts: false, applicationCacheEnabled: false, browserConnectionEnabled: false, browserName: chrome, chrome: {chromedriverVersion: 2.40.565498 (ea082db3280dd6..., userDataDir: C:\\Users\\Shubham\\AppData\\Lo...}, cssSelectorsEnabled: true, databaseEnabled: false, handlesAlerts: true, hasTouchScreen: false, javascriptEnabled: true, locationContextEnabled: true, mobileEmulationEnabled: false, nativeEvents: true, networkConnectionEnabled: false, pageLoadStrategy: normal, platform: XP, platformName: XP, rotatable: false, setWindowRect: true, takesHeapSnapshot: true, takesScreenshot: true, unexpectedAlertBehaviour: , unhandledPromptBehavior: , version: 83.0.4103.97, webStorageEnabled: true}\nSession ID: ec74ba3f161b24f677b2be3741eaefc0\n*** Element info: {Using=xpath, value=(//div[text()='Current total gross premium']/..//preceding-sibling::div)[2]}","trace":"org.openqa.selenium.NoSuchElementException: no such element: Unable to locate element: {\"method\":\"xpath\",\"selector\":\"(//div[text()='Current total gross premium']/..//preceding-sibling::div)[2]\"}\n  (Session info: chrome=83.0.4103.97)\n  (Driver info: chromedriver=2.40.565498 (ea082db3280dd6843ebfb08a625e3eb905c4f5ab),platform=Windows NT 10.0.18362 x86_64) (WARNING: The server did not provide any stacktrace information)\nCommand duration or timeout: 0 milliseconds\nFor documentation on this error, please visit: https://www.seleniumhq.org/exceptions/no_such_element.html\nBuild info: version: '3.141.59', revision: 'e82be7d358', time: '2018-11-14T08:17:03'\nSystem info: host: 'SHUBHAM-VERMA', ip: '192.168.43.39', os.name: 'Windows 10', os.arch: 'amd64', os.version: '10.0', java.version: '1.8.0_241'\nDriver info: org.openqa.selenium.chrome.ChromeDriver\nCapabilities {acceptInsecureCerts: false, acceptSslCerts: false, applicationCacheEnabled: false, browserConnectionEnabled: false, browserName: chrome, chrome: {chromedriverVersion: 2.40.565498 (ea082db3280dd6..., userDataDir: C:\\Users\\Shubham\\AppData\\Lo...}, cssSelectorsEnabled: true, databaseEnabled: false, handlesAlerts: true, hasTouchScreen: false, javascriptEnabled: true, locationContextEnabled: true, mobileEmulationEnabled: false, nativeEvents: true, networkConnectionEnabled: false, pageLoadStrategy: normal, platform: XP, platformName: XP, rotatable: false, setWindowRect: true, takesHeapSnapshot: true, takesScreenshot: true, unexpectedAlertBehaviour: , unhandledPromptBehavior: , version: 83.0.4103.97, webStorageEnabled: true}\nSession ID: ec74ba3f161b24f677b2be3741eaefc0\n*** Element info: {Using=xpath, value=(//div[text()='Current total gross premium']/..//preceding-sibling::div)[2]}\r\n\tat sun.reflect.GeneratedConstructorAccessor37.newInstance(Unknown Source)\r\n\tat sun.reflect.DelegatingConstructorAccessorImpl.newInstance(Unknown Source)\r\n\tat java.lang.reflect.Constructor.newInstance(Unknown Source)\r\n\tat org.openqa.selenium.remote.ErrorHandler.createThrowable(ErrorHandler.java:214)\r\n\tat org.openqa.selenium.remote.ErrorHandler.throwIfResponseFailed(ErrorHandler.java:166)\r\n\tat org.openqa.selenium.remote.http.JsonHttpResponseCodec.reconstructValue(JsonHttpResponseCodec.java:40)\r\n\tat org.openqa.selenium.remote.http.AbstractHttpResponseCodec.decode(AbstractHttpResponseCodec.java:80)\r\n\tat org.openqa.selenium.remote.http.AbstractHttpResponseCodec.decode(AbstractHttpResponseCodec.java:44)\r\n\tat org.openqa.selenium.remote.HttpCommandExecutor.execute(HttpCommandExecutor.java:158)\r\n\tat org.openqa.selenium.remote.service.DriverCommandExecutor.execute(DriverCommandExecutor.java:83)\r\n\tat org.openqa.selenium.remote.RemoteWebDriver.execute(RemoteWebDriver.java:552)\r\n\tat org.openqa.selenium.remote.RemoteWebDriver.findElement(RemoteWebDriver.java:323)\r\n\tat org.openqa.selenium.remote.RemoteWebDriver.findElementByXPath(RemoteWebDriver.java:428)\r\n\tat org.openqa.selenium.By$ByXPath.findElement(By.java:353)\r\n\tat org.openqa.selenium.remote.RemoteWebDriver.findElement(RemoteWebDriver.java:315)\r\n\tat org.openqa.selenium.support.pagefactory.DefaultElementLocator.findElement(DefaultElementLocator.java:69)\r\n\tat org.openqa.selenium.support.pagefactory.internal.LocatingElementHandler.invoke(LocatingElementHandler.java:38)\r\n\tat com.sun.proxy.$Proxy13.getText(Unknown Source)\r\n\tat com.testbroker.pageobject.BuildingCoverPage.verifyGrossAmount(BuildingCoverPage.java:213)\r\n\tat com.testbroker.scripts.VacantLandTest.vacantLandPremiumVerfification(VacantLandTest.java:110)\r\n\tat sun.reflect.NativeMethodAccessorImpl.invoke0(Native Method)\r\n\tat sun.reflect.NativeMethodAccessorImpl.invoke(Unknown Source)\r\n\tat sun.reflect.DelegatingMethodAccessorImpl.invoke(Unknown Source)\r\n\tat java.lang.reflect.Method.invoke(Unknown Source)\r\n\tat org.testng.internal.MethodInvocationHelper.invokeMethod(MethodInvocationHelper.java:135)\r\n\tat org.testng.internal.TestInvoker.invokeMethod(TestInvoker.java:598)\r\n\tat org.testng.internal.TestInvoker.invokeTestMethod(TestInvoker.java:174)\r\n\tat org.testng.internal.MethodRunner.runInSequence(MethodRunner.java:46)\r\n\tat org.testng.internal.TestInvoker$MethodInvocationAgent.invoke(TestInvoker.java:821)\r\n\tat org.testng.internal.TestInvoker.invokeTestMethods(TestInvoker.java:147)\r\n\tat org.testng.internal.TestMethodWorker.invokeTestMethods(TestMethodWorker.java:146)\r\n\tat org.testng.internal.TestMethodWorker.run(TestMethodWorker.java:128)\r\n\tat java.util.concurrent.ThreadPoolExecutor.runWorker(Unknown Source)\r\n\tat java.util.concurrent.ThreadPoolExecutor$Worker.run(Unknown Source)\r\n\tat java.lang.Thread.run(Unknown Source)\r\n"},"stage":"finished","steps":[],"attachments":[],"parameters":[],"start":1591771301988,"stop":1591771310018}],"attachments":[],"parameters":[],"start":1591771137878,"stop":1591771310024,"uuid":"fe6077e8-fa79-4ae4-a714-718fee066df6","historyId":"a7c453ffcedd4c4c82686657d590fed","fullName":"com.testbroker.scripts.VacantLandTest.vacantLandPremiumVerfification","labels":[{"name":"package","value":"com.testbroker.scripts.VacantLandTest"},{"name":"testClass","value":"com.testbroker.scripts.VacantLandTest"},{"name":"testMethod","value":"vacantLandPremiumVerfification"},{"name":"parentSuite","value":"Suite"},{"name":"suite","value":"Test"},{"name":"subSuite","value":"com.testbroker.scripts.VacantLandTest"},{"name":"host","value":"Shubham-Verma"},{"name":"thread","value":"14120@Shubham-Verma.TestNG-test=Test-1(16)"},{"name":"framework","value":"testng"},{"name":"language","value":"java"},{"name":"story","value":"Story Name: To check login page functionality"},{"name":"severity","value":"blocker"}],"links":[]}